2023-07-05 19:33:07 - Starting C:\Program Files\nodejs\node.exe  --harmony --max_old_space_size=4096 C:\Users\dalia\AppData\Roaming\npm\node_modules\node-windows\lib\wrapper.js --file "D:\Apps desenvolvidos\Visual Studio\Holyrics Slide Controller\server.js" --scriptoptions= --log "Holyrics_Controller wrapper" --grow 0.25 --wait 1 --maxrestarts 3 --abortonerror n --stopparentfirst undefined
2023-07-05 19:33:07 - Started 23512
2023-07-05 19:48:37 - Stopping holyrics_controller.exe
2023-07-05 19:48:37 - ProcessKill 23512
2023-07-05 19:48:37 - Shutdown exception
Message:O sistema está sendo desligado.

Stacktrace:   em System.Runtime.InteropServices.Marshal.ThrowExceptionForHRInternal(Int32 errorCode, IntPtr errorInfo)
   em System.Management.ManagementScope.InitializeGuts(Object o)
   em System.Management.ManagementScope.Initialize()
   em System.Management.ManagementObjectSearcher.Initialize()
   em System.Management.ManagementObjectSearcher.Get()
   em winsw.WrapperService.GetChildPids(Int32 pid)
   em winsw.WrapperService.StopProcessAndChildren(Int32 pid)
   em winsw.WrapperService.StopIt()
   em winsw.WrapperService.OnShutdown()
2023-07-05 19:48:59 - Starting C:\Program Files\nodejs\node.exe  --harmony --max_old_space_size=4096 C:\Users\dalia\AppData\Roaming\npm\node_modules\node-windows\lib\wrapper.js --file "D:\Apps desenvolvidos\Visual Studio\Holyrics Slide Controller\server.js" --scriptoptions= --log "Holyrics_Controller wrapper" --grow 0.25 --wait 1 --maxrestarts 3 --abortonerror n --stopparentfirst undefined
2023-07-05 19:48:59 - Started 5976
2023-07-05 19:58:35 - Stopping holyrics_controller.exe
2023-07-05 19:58:35 - ProcessKill 5976
2023-07-05 19:58:35 - Found child process: 6104 Name: conhost.exe
2023-07-05 19:58:35 - Found child process: 7112 Name: node.exe
2023-07-05 19:58:35 - Stopping process 6104
2023-07-05 19:58:35 - Send SIGINT 6104
2023-07-05 19:58:35 - SIGINT to 6104 failed - Killing as fallback
2023-07-05 19:58:35 - Stopping process 7112
2023-07-05 19:58:35 - Send SIGINT 7112
2023-07-05 19:58:35 - SIGINT to 7112 failed - Killing as fallback
2023-07-05 19:58:35 - Stopping process 5976
2023-07-05 19:58:35 - Send SIGINT 5976
2023-07-05 19:58:35 - SIGINT to 5976 failed - Killing as fallback
2023-07-05 19:58:35 - Finished holyrics_controller.exe
2023-07-05 19:58:42 - Starting C:\Program Files\nodejs\node.exe  --harmony --max_old_space_size=4096 C:\Users\dalia\AppData\Roaming\npm\node_modules\node-windows\lib\wrapper.js --file "D:\Apps desenvolvidos\Visual Studio\Holyrics Slide Controller\server.js" --scriptoptions= --log "Holyrics_Controller wrapper" --grow 0.25 --wait 1 --maxrestarts 3 --abortonerror n --stopparentfirst undefined
2023-07-05 19:58:42 - Started 18300
2023-07-05 20:00:33 - Stopping holyrics_controller.exe
2023-07-05 20:00:33 - ProcessKill 18300
2023-07-05 20:00:34 - Found child process: 18284 Name: conhost.exe
2023-07-05 20:00:34 - Found child process: 23004 Name: node.exe
2023-07-05 20:00:34 - Stopping process 18284
2023-07-05 20:00:34 - Send SIGINT 18284
2023-07-05 20:00:34 - SIGINT to 18284 failed - Killing as fallback
2023-07-05 20:00:34 - Stopping process 23004
2023-07-05 20:00:34 - Send SIGINT 23004
2023-07-05 20:00:34 - SIGINT to 23004 failed - Killing as fallback
2023-07-05 20:00:34 - Stopping process 18300
2023-07-05 20:00:34 - Send SIGINT 18300
2023-07-05 20:00:34 - SIGINT to 18300 failed - Killing as fallback
2023-07-05 20:00:34 - Finished holyrics_controller.exe
2023-07-05 20:00:34 - Starting C:\Program Files\nodejs\node.exe  --harmony --max_old_space_size=4096 C:\Users\dalia\AppData\Roaming\npm\node_modules\node-windows\lib\wrapper.js --file "D:\Apps desenvolvidos\Visual Studio\Holyrics Slide Controller\server.js" --scriptoptions= --log "Holyrics_Controller wrapper" --grow 0.25 --wait 1 --maxrestarts 3 --abortonerror n --stopparentfirst undefined
2023-07-05 20:00:34 - Started 19244
2023-07-05 20:00:48 - Stopping holyrics_controller.exe
2023-07-05 20:00:48 - ProcessKill 19244
2023-07-05 20:00:48 - Found child process: 5848 Name: conhost.exe
2023-07-05 20:00:48 - Found child process: 6808 Name: node.exe
2023-07-05 20:00:48 - Stopping process 5848
2023-07-05 20:00:48 - Send SIGINT 5848
2023-07-05 20:00:48 - SIGINT to 5848 failed - Killing as fallback
2023-07-05 20:00:49 - Stopping process 6808
2023-07-05 20:00:49 - Send SIGINT 6808
2023-07-05 20:00:49 - SIGINT to 6808 failed - Killing as fallback
2023-07-05 20:00:49 - Stopping process 19244
2023-07-05 20:00:49 - Send SIGINT 19244
2023-07-05 20:00:49 - SIGINT to 19244 failed - Killing as fallback
2023-07-05 20:00:49 - Finished holyrics_controller.exe
2023-07-05 20:00:49 - Starting C:\Program Files\nodejs\node.exe  --harmony --max_old_space_size=4096 C:\Users\dalia\AppData\Roaming\npm\node_modules\node-windows\lib\wrapper.js --file "D:\Apps desenvolvidos\Visual Studio\Holyrics Slide Controller\server.js" --scriptoptions= --log "Holyrics_Controller wrapper" --grow 0.25 --wait 1 --maxrestarts 3 --abortonerror n --stopparentfirst undefined
2023-07-05 20:00:49 - Started 21152
2023-07-05 20:01:11 - Stopping holyrics_controller.exe
2023-07-05 20:01:11 - ProcessKill 21152
2023-07-05 20:01:12 - Found child process: 20968 Name: conhost.exe
2023-07-05 20:01:12 - Found child process: 18984 Name: node.exe
2023-07-05 20:01:12 - Stopping process 20968
2023-07-05 20:01:12 - Send SIGINT 20968
2023-07-05 20:01:12 - SIGINT to 20968 failed - Killing as fallback
2023-07-05 20:01:12 - Stopping process 18984
2023-07-05 20:01:12 - Send SIGINT 18984
2023-07-05 20:01:12 - SIGINT to 18984 failed - Killing as fallback
2023-07-05 20:01:12 - Stopping process 21152
2023-07-05 20:01:12 - Send SIGINT 21152
2023-07-05 20:01:12 - SIGINT to 21152 failed - Killing as fallback
2023-07-05 20:01:12 - Finished holyrics_controller.exe
2023-07-05 20:01:12 - Starting C:\Program Files\nodejs\node.exe  --harmony --max_old_space_size=4096 C:\Users\dalia\AppData\Roaming\npm\node_modules\node-windows\lib\wrapper.js --file "D:\Apps desenvolvidos\Visual Studio\Holyrics Slide Controller\server.js" --scriptoptions= --log "Holyrics_Controller wrapper" --grow 0.25 --wait 1 --maxrestarts 3 --abortonerror n --stopparentfirst undefined
2023-07-05 20:01:12 - Started 21100
2023-07-05 20:03:32 - Stopping holyrics_controller.exe
2023-07-05 20:03:32 - ProcessKill 21100
2023-07-05 20:03:32 - Found child process: 5956 Name: conhost.exe
2023-07-05 20:03:32 - Found child process: 18312 Name: node.exe
2023-07-05 20:03:32 - Stopping process 5956
2023-07-05 20:03:32 - Send SIGINT 5956
2023-07-05 20:03:32 - SIGINT to 5956 failed - Killing as fallback
2023-07-05 20:03:32 - Stopping process 18312
2023-07-05 20:03:32 - Send SIGINT 18312
2023-07-05 20:03:32 - SIGINT to 18312 failed - Killing as fallback
2023-07-05 20:03:32 - Stopping process 21100
2023-07-05 20:03:32 - Send SIGINT 21100
2023-07-05 20:03:32 - SIGINT to 21100 failed - Killing as fallback
2023-07-05 20:03:32 - Finished holyrics_controller.exe
